<?xml version="1.0" encoding="UTF-8"?>
<testsuite xmlns:xsi="http://www.w3.org/2001/XMLSchema-instance" xsi:noNamespaceSchemaLocation="https://maven.apache.org/surefire/maven-surefire-plugin/xsd/surefire-test-report.xsd" version="3.0.2" name="TestSuite" time="295.635" tests="1" errors="0" skipped="0" failures="0">
  <properties>
[...]
</properties>
  <testcase name="natAllergyEndToEnd" classname="org.example.natallergy.NatallergyTest" time="266.937">
    <system-out><![CDATA[[Natallergy] Resolving ChromeDriver (WebDriverManager; first run may download driver)…
[Natallergy] Launching Chrome window…
[Natallergy] siteUrl=https://www.achooallergy.com  sitemapUrl=https://www.achooallergy.com/sitemap/sitemap.xml
[Natallergy] Chrome should be visible. Loading storefront: https://www.achooallergy.com/
[Natallergy] Downloading & parsing sitemap.xml (often 30–120 s, ~1 MB). The browser may sit on the homepage until this finishes — this is normal.
[Natallergy] Sitemap ready: 511 product URLs. Capturing homepage screenshot…
Screenshot saved: C:\Users\deepa\Documents\Automation\Natallergy\screenshots\2026-03-22\19-50-26\SUCCESS_homepage_2026-03-22_19-50-45.png
Uploaded URL: https://i.ibb.co/d45Prsry/416982c33483.png
Sitemap products found: 511 — adding 3 random distinct in-stock product(s), up to 50 page visits
Screenshot saved: C:\Users\deepa\Documents\Automation\Natallergy\screenshots\2026-03-22\19-50-26\SUCCESS_sitemap_product_visit1_miele-classic-c1-cat-dog-powerline-canister-vacuum_2026-03-22_19-51-01.png
Uploaded URL: https://i.ibb.co/35hhc39X/47a5bbc8abeb.png
Added to cart: https://www.achooallergy.com/miele-classic-c1-cat-dog-powerline-canister-vacuum.html
Screenshot saved: C:\Users\deepa\Documents\Automation\Natallergy\screenshots\2026-03-22\19-50-26\SUCCESS_after_add_line_1_miele-classic-c1-cat-dog-powerline-canister-vacuum_2026-03-22_19-51-06.png
Uploaded URL: https://i.ibb.co/h1WJrwC2/70d81baa2454.png
Screenshot saved: C:\Users\deepa\Documents\Automation\Natallergy\screenshots\2026-03-22\19-50-26\SUCCESS_sitemap_product_visit2_reliable-brio-plus-400cc-canister-steam-cleaner_2026-03-22_19-51-43.png
Uploaded URL: https://i.ibb.co/Kj87YNhB/49587769023b.png
Skipping (out of stock or add to cart unavailable): https://www.achooallergy.com/reliable-brio-plus-400cc-canister-steam-cleaner.html
Screenshot saved: C:\Users\deepa\Documents\Automation\Natallergy\screenshots\2026-03-22\19-50-26\ERROR_sitemap_product_oos_reliable-brio-plus-400cc-canister-steam-cleaner_2026-03-22_19-52-14.png
Uploaded URL: https://i.ibb.co/VYfMXpkQ/87d245ceeee4.png
Screenshot saved: C:\Users\deepa\Documents\Automation\Natallergy\screenshots\2026-03-22\19-50-26\SUCCESS_sitemap_product_visit3_sebo-exhaust-filter-370_2026-03-22_19-52-28.png
Uploaded URL: https://i.ibb.co/q3WDk1Bf/43ac447f354c.png
Skipping (out of stock or add to cart unavailable): https://www.achooallergy.com/sebo-exhaust-filter-370.html
Screenshot saved: C:\Users\deepa\Documents\Automation\Natallergy\screenshots\2026-03-22\19-50-26\ERROR_sitemap_product_oos_sebo-exhaust-filter-370_2026-03-22_19-52-31.png
Uploaded URL: https://i.ibb.co/0jwRXH8z/5c7491b91374.png
Screenshot saved: C:\Users\deepa\Documents\Automation\Natallergy\screenshots\2026-03-22\19-50-26\SUCCESS_sitemap_product_visit4_fral-fdk54-dehumidifier_2026-03-22_19-52-44.png
Uploaded URL: https://i.ibb.co/DHyW5KFC/ff195212a505.png
Added to cart: https://www.achooallergy.com/fral-fdk54-dehumidifier.html
Screenshot saved: C:\Users\deepa\Documents\Automation\Natallergy\screenshots\2026-03-22\19-50-26\SUCCESS_after_add_line_4_fral-fdk54-dehumidifier_2026-03-22_19-52-49.png
Uploaded URL: https://i.ibb.co/vCTXKgGC/aa5c3252007b.png
Screenshot saved: C:\Users\deepa\Documents\Automation\Natallergy\screenshots\2026-03-22\19-50-26\SUCCESS_sitemap_product_visit5_bedcare-elegance-allergen-barrier-comforter-covers_2026-03-22_19-53-02.png
Uploaded URL: https://i.ibb.co/q3rRDFnT/a0583b800ac7.png
Added to cart: https://www.achooallergy.com/bedcare-elegance-allergen-barrier-comforter-covers.html
Screenshot saved: C:\Users\deepa\Documents\Automation\Natallergy\screenshots\2026-03-22\19-50-26\SUCCESS_after_add_line_5_bedcare-elegance-allergen-barrier-comforter-covers_2026-03-22_19-53-07.png
Uploaded URL: https://i.ibb.co/vxHD0tdf/22c724d47895.png
Screenshot saved: C:\Users\deepa\Documents\Automation\Natallergy\screenshots\2026-03-22\19-50-26\SUCCESS_after_add_to_cart_top_2026-03-22_19-53-10.png
Uploaded URL: https://i.ibb.co/NnSJKKYQ/30b050b67188.png
Screenshot saved: C:\Users\deepa\Documents\Automation\Natallergy\screenshots\2026-03-22\19-50-26\SUCCESS_minicart_open_2026-03-22_19-53-11.png
Uploaded URL: https://i.ibb.co/DHgxbMS9/6f405789f628.png
Screenshot saved: C:\Users\deepa\Documents\Automation\Natallergy\screenshots\2026-03-22\19-50-26\SUCCESS_cart_page_2026-03-22_19-53-21.png
Uploaded URL: https://i.ibb.co/Kx7zBHY9/140530acaf38.png
Screenshot saved: C:\Users\deepa\Documents\Automation\Natallergy\screenshots\2026-03-22\19-50-26\SUCCESS_cart_page_after_qty_change_2026-03-22_19-53-33.png
Uploaded URL: https://i.ibb.co/Zp8Ljbqx/1e263d812122.png
Screenshot saved: C:\Users\deepa\Documents\Automation\Natallergy\screenshots\2026-03-22\19-50-26\SUCCESS_cart_after_apply_discount_2026-03-22_19-54-05.png
Uploaded URL: https://i.ibb.co/G44sVRvR/a40c35aa0c79.png
Screenshot saved: C:\Users\deepa\Documents\Automation\Natallergy\screenshots\2026-03-22\19-50-26\SUCCESS_checkout_after_shipping_continue_2026-03-22_19-54-44.png
Uploaded URL: https://i.ibb.co/HL2txBhs/a4ac371c4861.png
Screenshot saved: C:\Users\deepa\Documents\Automation\Natallergy\screenshots\2026-03-22\19-50-26\SUCCESS_search_input_2026-03-22_19-55-15.png
Uploaded URL: https://i.ibb.co/MkKW0PXm/7edb852a0dca.png
]]></system-out>
    <system-err><![CDATA[SLF4J(W): No SLF4J providers were found.
SLF4J(W): Defaulting to no-operation (NOP) logger implementation
SLF4J(W): See https://www.slf4j.org/codes.html#noProviders for further details.
Mar 22, 2026 7:50:29 PM org.openqa.selenium.devtools.CdpVersionFinder findNearestMatch
WARNING: Unable to find CDP implementation matching 146
Mar 22, 2026 7:50:29 PM org.openqa.selenium.chromium.ChromiumDriver lambda$new$4
WARNING: Unable to find version of CDP to use for 146.0.7680.80. You may need to include a dependency on a specific version of the CDP using something similar to `org.seleniumhq.selenium:selenium-devtools-v86:4.32.0` where the version ("v86") matches the version of the chromium-based browser you're using and the version number of the artifact is the same as Selenium's.
]]></system-err>
  </testcase>
</testsuite>